1984 Andrew
1954 Alicia
1987 Ashley
1959 Anne
1938 Agnes
1956 Andrzes
1983 Angie
1974 Armando
1919 Arthur
1927 Ann
1955 Brenda
1941 Bruce
1993 Brian
1971 Brian
1964 Brenda
1973 Bradley
1988 Benjamin
1960 Catherine
1952 Cheryl
1959 Coni
1978 Christopher
1993 Christine
1983 Denise
1946 Dina
1965 Dorothy
1975 Dale
1945 Edward
1936 Frederick
1957 George
1983 George
1955 Gail
1948 Gerard
1986 Hayley
1951 Ines
1992 Jacob
1987 Jason
1963 John
1987 Jonathan
1972 Jennifer
1970 Jennifer
1961 James
1944 Joanne
1930 Janet
1971 Jeffrey
1976 James
1977 Jaime
1973 James
1959 Jonathan
1974 Jose
1986 Kelli
1966 Kevin
1992 Katelyn
1966 Kieran
1978 Kathryn
1982 Katie
1942 Linda
1950 Louis
1964 Lisa
1959 Marian
1994 Mitch
1970 Michelle
1980 Michael
1970 Mark
1989 Matthew
1953 Michael
1976 Mahesh
1982 MaryAnne
1954 Maureen
1968 Michelle
1958 Mark
1942 Mildred
1953 Philip
1966 Patrick
1943 Peter
1942 Patricia
1978 Padraic
1970 Rebecca
1976 Rebecca
1966 Ronilda
1949 Ralph
1933 Richard
1976 Staci
1981 Steven
1978 Stanly
1960 Simone
1984 Sara
1931 Sylvia
1969 Scott
1987 Suman
1967 Stephen
1970 Scott
1960 Thomas
1969 Todd
1958 Thomas
1959 Timothy
1971 Teresa
1959 Thomas
1957 Willie
1958 William
1954 William
