1938 Agnes
1954 Alicia
1984 Andrew
1956 Andrzes
1983 Angie
1927 Ann
1959 Anne
1974 Armando
1919 Arthur
1987 Ashley
1988 Benjamin
1973 Bradley
1955 Brenda
1964 Brenda
1993 Brian
1971 Brian
1941 Bruce
1960 Catherine
1952 Cheryl
1993 Christine
1978 Christopher
1959 Coni
1975 Dale
1983 Denise
1946 Dina
1965 Dorothy
1945 Edward
1936 Frederick
1955 Gail
1983 George
1957 George
1948 Gerard
1986 Hayley
1951 Ines
1992 Jacob
1977 Jaime
1961 James
1976 James
1973 James
1930 Janet
1987 Jason
1971 Jeffrey
1972 Jennifer
1970 Jennifer
1944 Joanne
1963 John
1987 Jonathan
1959 Jonathan
1974 Jose
1992 Katelyn
1978 Kathryn
1982 Katie
1986 Kelli
1966 Kevin
1966 Kieran
1942 Linda
1964 Lisa
1950 Louis
1976 Mahesh
1959 Marian
1970 Mark
1958 Mark
1982 MaryAnne
1989 Matthew
1954 Maureen
1953 Michael
1980 Michael
1970 Michelle
1968 Michelle
1942 Mildred
1994 Mitch
1978 Padraic
1942 Patricia
1966 Patrick
1943 Peter
1953 Philip
1949 Ralph
1976 Rebecca
1970 Rebecca
1933 Richard
1966 Ronilda
1984 Sara
1970 Scott
1969 Scott
1960 Simone
1976 Staci
1978 Stanly
1967 Stephen
1981 Steven
1987 Suman
1931 Sylvia
1971 Teresa
1960 Thomas
1958 Thomas
1959 Thomas
1959 Timothy
1969 Todd
1954 William
1958 William
1957 Willie
